0 info it worked if it ends with ok
1 verbose cli [ 'C:\\Program Files\\nodejs\\node.exe',
1 verbose cli   'C:\\Program Files\\nodejs\\node_modules\\npm\\bin\\npm-cli.js',
1 verbose cli   'install',
1 verbose cli   '-g',
1 verbose cli   'typescript@next' ]
2 info using npm@3.10.8
3 info using node@v6.9.0
4 silly loadCurrentTree Starting
5 silly install loadCurrentTree
6 silly install readGlobalPackageData
7 silly fetchPackageMetaData typescript@next
8 silly fetchNamedPackageData typescript
9 silly mapToRegistry name typescript
10 silly mapToRegistry using default registry
11 silly mapToRegistry registry https://registry.npmjs.org/
12 silly mapToRegistry data Result {
12 silly mapToRegistry   raw: 'typescript',
12 silly mapToRegistry   scope: null,
12 silly mapToRegistry   escapedName: 'typescript',
12 silly mapToRegistry   name: 'typescript',
12 silly mapToRegistry   rawSpec: '',
12 silly mapToRegistry   spec: 'latest',
12 silly mapToRegistry   type: 'tag' }
13 silly mapToRegistry uri https://registry.npmjs.org/typescript
14 verbose request uri https://registry.npmjs.org/typescript
15 verbose request no auth needed
16 info attempt registry request try #1 at 11:23:50
17 verbose request id 2f6ea24a49f96bb8
18 verbose etag W/"58408cb3-10d89d"
19 verbose lastModified Thu, 01 Dec 2016 20:48:51 GMT
20 http request GET https://registry.npmjs.org/typescript
21 http 304 https://registry.npmjs.org/typescript
22 verbose headers { date: 'Fri, 02 Dec 2016 03:23:49 GMT',
22 verbose headers   via: '1.1 varnish',
22 verbose headers   'cache-control': 'max-age=300',
22 verbose headers   etag: 'W/"58408cb3-10d89d"',
22 verbose headers   age: '118',
22 verbose headers   connection: 'keep-alive',
22 verbose headers   'x-served-by': 'cache-itm7420-ITM',
22 verbose headers   'x-cache': 'HIT',
22 verbose headers   'x-cache-hits': '2',
22 verbose headers   'x-timer': 'S1480649029.448979,VS0,VE0',
22 verbose headers   vary: 'Accept-Encoding' }
23 silly get cb [ 304,
23 silly get   { date: 'Fri, 02 Dec 2016 03:23:49 GMT',
23 silly get     via: '1.1 varnish',
23 silly get     'cache-control': 'max-age=300',
23 silly get     etag: 'W/"58408cb3-10d89d"',
23 silly get     age: '118',
23 silly get     connection: 'keep-alive',
23 silly get     'x-served-by': 'cache-itm7420-ITM',
23 silly get     'x-cache': 'HIT',
23 silly get     'x-cache-hits': '2',
23 silly get     'x-timer': 'S1480649029.448979,VS0,VE0',
23 silly get     vary: 'Accept-Encoding' } ]
24 verbose etag https://registry.npmjs.org/typescript from cache
25 verbose get saving typescript to C:\Users\69242\AppData\Roaming\npm-cache\registry.npmjs.org\typescript\.cache.json
26 verbose correctMkdir C:\Users\69242\AppData\Roaming\npm-cache correctMkdir not in flight; initializing
27 silly install normalizeTree
28 silly loadCurrentTree Finishing
29 silly loadIdealTree Starting
30 silly install loadIdealTree
31 silly cloneCurrentTree Starting
32 silly install cloneCurrentTreeToIdealTree
33 silly cloneCurrentTree Finishing
34 silly loadShrinkwrap Starting
35 silly install loadShrinkwrap
36 silly loadShrinkwrap Finishing
37 silly loadAllDepsIntoIdealTree Starting
38 silly install loadAllDepsIntoIdealTree
39 silly resolveWithNewModule typescript@2.2.0-dev.20161201 checking installable status
40 silly cache add args [ 'typescript@next', null ]
41 verbose cache add spec typescript@next
42 silly cache add parsed spec Result {
42 silly cache add   raw: 'typescript@next',
42 silly cache add   scope: null,
42 silly cache add   escapedName: 'typescript',
42 silly cache add   name: 'typescript',
42 silly cache add   rawSpec: 'next',
42 silly cache add   spec: 'next',
42 silly cache add   type: 'tag' }
43 silly addNamed typescript@next
44 verbose addNamed "next" is being treated as a dist-tag for typescript
45 info addNameTag [ 'typescript', 'next' ]
46 silly mapToRegistry name typescript
47 silly mapToRegistry using default registry
48 silly mapToRegistry registry https://registry.npmjs.org/
49 silly mapToRegistry data Result {
49 silly mapToRegistry   raw: 'typescript',
49 silly mapToRegistry   scope: null,
49 silly mapToRegistry   escapedName: 'typescript',
49 silly mapToRegistry   name: 'typescript',
49 silly mapToRegistry   rawSpec: '',
49 silly mapToRegistry   spec: 'latest',
49 silly mapToRegistry   type: 'tag' }
50 silly mapToRegistry uri https://registry.npmjs.org/typescript
51 verbose addNameTag registry:https://registry.npmjs.org/typescript not in flight; fetching
52 verbose get https://registry.npmjs.org/typescript not expired, no request
53 silly addNameTag next cb for typescript with tag next
54 silly addNamed typescript@2.2.0-dev.20161201
55 verbose addNamed "2.2.0-dev.20161201" is a plain semver version for typescript
56 silly cache afterAdd typescript@2.2.0-dev.20161201
57 verbose afterAdd C:\Users\69242\AppData\Roaming\npm-cache\typescript\2.2.0-dev.20161201\package\package.json not in flight; writing
58 verbose correctMkdir C:\Users\69242\AppData\Roaming\npm-cache correctMkdir not in flight; initializing
59 verbose afterAdd C:\Users\69242\AppData\Roaming\npm-cache\typescript\2.2.0-dev.20161201\package\package.json written
60 silly loadAllDepsIntoIdealTree Finishing
61 silly loadIdealTree Finishing
62 silly currentTree nodejs
62 silly currentTree `-- typescript@2.2.0-dev.20161201
63 silly idealTree nodejs
63 silly idealTree `-- typescript@2.2.0-dev.20161201
64 silly generateActionsToTake Starting
65 silly install generateActionsToTake
66 silly generateActionsToTake Finishing
67 silly diffTrees action count 1
68 silly diffTrees update typescript@2.2.0-dev.20161201
69 silly decomposeActions action count 8
70 silly decomposeActions fetch typescript@2.2.0-dev.20161201
71 silly decomposeActions extract typescript@2.2.0-dev.20161201
72 silly decomposeActions test typescript@2.2.0-dev.20161201
73 silly decomposeActions preinstall typescript@2.2.0-dev.20161201
74 silly decomposeActions build typescript@2.2.0-dev.20161201
75 silly decomposeActions install typescript@2.2.0-dev.20161201
76 silly decomposeActions postinstall typescript@2.2.0-dev.20161201
77 silly decomposeActions finalize typescript@2.2.0-dev.20161201
78 silly runTopLevelLifecycles Starting
79 silly executeActions Starting
80 silly install executeActions
81 silly doSerial global-install 0
82 silly doParallel fetch 1
83 verbose correctMkdir C:\Users\69242\AppData\Roaming\npm-cache\_locks correctMkdir not in flight; initializing
84 verbose lock using C:\Users\69242\AppData\Roaming\npm-cache\_locks\staging-dfd8fbf9c1feea0f.lock for C:\Program Files\nodejs\node_modules\.staging
85 verbose unlock done using C:\Users\69242\AppData\Roaming\npm-cache\_locks\staging-dfd8fbf9c1feea0f.lock for C:\Program Files\nodejs\node_modules\.staging
86 silly rollbackFailedOptional Starting
87 silly rollbackFailedOptional Finishing
88 silly runTopLevelLifecycles Finishing
89 silly install printInstalled
90 verbose stack Error: EPERM: operation not permitted, mkdir 'C:\Program Files\nodejs\node_modules\.staging'
90 verbose stack     at Error (native)
91 verbose cwd D:\GitHubFiles\turtlejs
92 error Windows_NT 10.0.14393
93 error argv "C:\\Program Files\\nodejs\\node.exe" "C:\\Program Files\\nodejs\\node_modules\\npm\\bin\\npm-cli.js" "install" "-g" "typescript@next"
94 error node v6.9.0
95 error npm  v3.10.8
96 error path C:\Program Files\nodejs\node_modules\.staging
97 error code EPERM
98 error errno -4048
99 error syscall mkdir
100 error Error: EPERM: operation not permitted, mkdir 'C:\Program Files\nodejs\node_modules\.staging'
100 error     at Error (native)
100 error  { Error: EPERM: operation not permitted, mkdir 'C:\Program Files\nodejs\node_modules\.staging'
100 error     at Error (native)
100 error   errno: -4048,
100 error   code: 'EPERM',
100 error   syscall: 'mkdir',
100 error   path: 'C:\\Program Files\\nodejs\\node_modules\\.staging' }
101 error Please try running this command again as root/Administrator.
102 verbose exit [ -4048, true ]
